{"name":"restify","hostname":"LAPTOP-1USB5QVV","pid":13656,"level":30,"msg":"Record available for request url ","time":"2017-07-07T05:06:11.847Z","v":0}
{"name":"restify","hostname":"LAPTOP-1USB5QVV","pid":2540,"level":30,"msg":"get_users | Record available for request url ","time":"2017-07-07T05:18:19.810Z","v":0}
{"name":"restify","hostname":"LAPTOP-1USB5QVV","pid":2540,"level":30,"msg":"get_users | Record available for request url ","time":"2017-07-07T05:19:58.961Z","v":0}
{"name":"restify","hostname":"LAPTOP-1USB5QVV","pid":2540,"level":30,"msg":"get_users | Record available for request url ","time":"2017-07-07T05:20:20.867Z","v":0}
{"name":"restify","hostname":"LAPTOP-1USB5QVV","pid":2540,"level":30,"msg":"delete_user | Something went wrong while removing data for Id = 1","time":"2017-07-07T05:20:33.817Z","v":0}
{"name":"restify","hostname":"LAPTOP-1USB5QVV","pid":2540,"level":30,"msg":"delete_user | Records are sucessfully deleted for Id = 30","time":"2017-07-07T05:20:53.370Z","v":0}
{"name":"restify","hostname":"LAPTOP-1USB5QVV","pid":2540,"level":30,"msg":"add_user | Records are sucessfully inserted : [object Object]","time":"2017-07-07T05:21:31.472Z","v":0}
{"name":"restify","hostname":"LAPTOP-1USB5QVV","pid":2540,"level":30,"msg":"update_user | Something went wrong while udating data for Id = 20","time":"2017-07-07T05:21:50.343Z","v":0}
{"name":"restify","hostname":"LAPTOP-1USB5QVV","pid":2540,"level":30,"msg":"update_user | Records are sucessfully updated for Id = 23","time":"2017-07-07T05:22:06.419Z","v":0}
{"name":"restify","hostname":"LAPTOP-1USB5QVV","pid":2540,"level":30,"msg":"get_user_details | Record are available for request Param : 18","time":"2017-07-07T05:22:26.753Z","v":0}
{"name":"restify","hostname":"LAPTOP-1USB5QVV","pid":6280,"level":30,"msg":"add_user | Records are sucessfully inserted : {\"program_id\":\"6019\",\"wibmo_acc_no\":\"IN6288351641692\",\"name\":\"Maru Ashish\",\"email\":\"abc@gmail.com\",\"mobile_no\":\"7353535760\",\"created\":\"2017-07-07T05:25:32.009Z\"}","time":"2017-07-07T05:25:32.088Z","v":0}
{"name":"restify","hostname":"LAPTOP-1USB5QVV","pid":6424,"level":50,"msg":"add_user | Error : Error: ER_BAD_NULL_ERROR: Column 'program_id' cannot be null","time":"2017-07-07T05:35:21.762Z","v":0}
{"name":"restify","hostname":"LAPTOP-1USB5QVV","pid":7320,"level":50,"msg":"add_user | Error : Error: ER_BAD_NULL_ERROR: Column 'program_id' cannot be null","time":"2017-07-07T05:36:29.472Z","v":0}
{"name":"restify","hostname":"LAPTOP-1USB5QVV","pid":7636,"level":50,"msg":"add_user | Error : Error: ER_BAD_NULL_ERROR: Column 'program_id' cannot be null","time":"2017-07-07T05:37:38.980Z","v":0}
{"name":"restify","hostname":"LAPTOP-1USB5QVV","pid":11752,"level":50,"msg":"add_user | Error : Error: ER_BAD_NULL_ERROR: Column 'program_id' cannot be null","time":"2017-07-07T05:44:12.679Z","v":0}
{"name":"restify","hostname":"LAPTOP-1USB5QVV","pid":732,"level":30,"msg":"add_user | Records are sucessfully inserted : {\"program_id\":\"6019\",\"wibmo_acc_no\":\"IN6288351641692\",\"name\":\"Maru Ashish\",\"email\":\"abc@gmail.com\",\"mobile_no\":\"7353535760\",\"created\":\"2017-07-07T05:48:23.239Z\"}","time":"2017-07-07T05:48:23.347Z","v":0}
{"name":"restify","hostname":"LAPTOP-1USB5QVV","pid":732,"level":30,"msg":"add_user | Records are sucessfully inserted : {\"program_id\":\"6019\",\"wibmo_acc_no\":\"IN6288351641692\",\"name\":\"Maru Ashish juna\",\"email\":\"abc@gmail.com\",\"mobile_no\":\"7353535760\",\"created\":\"2017-07-07T05:48:38.831Z\"}","time":"2017-07-07T05:48:38.881Z","v":0}
{"name":"restify","hostname":"LAPTOP-1USB5QVV","pid":732,"level":30,"msg":"add_user | Records are sucessfully inserted : {\"program_id\":\"6019\",\"wibmo_acc_no\":\"IN6288351641692\",\"name\":\"Maru Ashish juna\",\"email\":\"abc@gmail.com\",\"mobile_no\":\"7353535760\",\"created\":\"2017-07-07T05:50:11.030Z\"}","time":"2017-07-07T05:50:11.097Z","v":0}
{"name":"restify","hostname":"LAPTOP-1USB5QVV","pid":732,"level":30,"msg":"add_user | Records are sucessfully inserted : {\"program_id\":\"6019\",\"wibmo_acc_no\":\"IN6288351641692\",\"name\":\"Maru Ashish juna\",\"email\":\"abc@gmail.com\",\"mobile_no\":\"7353535760\",\"created\":\"2017-07-07T05:50:12.885Z\"}","time":"2017-07-07T05:50:13.009Z","v":0}
{"name":"restify","hostname":"LAPTOP-1USB5QVV","pid":732,"level":30,"msg":"add_user | Records are sucessfully inserted : {\"program_id\":\"6019\",\"wibmo_acc_no\":\"IN6288351641692\",\"name\":\"Maru Ashish juna purana\",\"email\":\"abc@gmail.com\",\"mobile_no\":\"7353535760\",\"created\":\"2017-07-07T05:50:19.877Z\"}","time":"2017-07-07T05:50:19.932Z","v":0}
{"name":"restify","hostname":"LAPTOP-1USB5QVV","pid":732,"level":30,"msg":"add_user | Records are sucessfully inserted : {\"program_id\":\"6019\",\"wibmo_acc_no\":\"IN6288351641692\",\"name\":\"Maru\",\"email\":\"abc@gmail.com\",\"mobile_no\":\"7353535760\",\"created\":\"2017-07-07T05:50:36.593Z\"}","time":"2017-07-07T05:50:36.642Z","v":0}
{"name":"restify","hostname":"LAPTOP-1USB5QVV","pid":2632,"level":50,"msg":"add_user | Error : Error: ER_BAD_NULL_ERROR: Column 'program_id' cannot be null","time":"2017-07-07T05:54:23.333Z","v":0}
